<?xml version="1.0" encoding="UTF-8"?>
<testsuite xmlns:xsi="http://www.w3.org/2001/XMLSchema-instance" xsi:noNamespaceSchemaLocation="https://maven.apache.org/surefire/maven-surefire-plugin/xsd/surefire-test-report.xsd" name="feedme.DomParserTests" time="0.009" tests="7" errors="0" skipped="0" failures="0">
  <properties>
[...]
</properties>
  <testcase name="consumeXmlFile_getTypeElementBodyFromNameIsOk" classname="feedme.DomParserTests" time="0"/>
  <testcase name="consumeXmlFile_getBodyContentFromPacketType_correctSize" classname="feedme.DomParserTests" time="0"/>
  <testcase name="consumeXmlFile_getTypeElementHeaderFromNameIsOk" classname="feedme.DomParserTests" time="0"/>
  <testcase name="consumeXmlFile_getHeaderContentFromPacketType_correctSize" classname="feedme.DomParserTests" time="0.001"/>
  <testcase name="consumeXmlFile_getTypeElementsFromValidNames_isNotNull" classname="feedme.DomParserTests" time="0"/>
  <testcase name="consumeXmlFile_typesContainsValidChildren" classname="feedme.DomParserTests" time="0.001"/>
  <testcase name="consumeXmlFile_getTypeElementsFromName_isNull" classname="feedme.DomParserTests" time="0"/>
</testsuite>