<?xml version="1.0" encoding="UTF-8"?>
<testsuite xmlns:xsi="http://www.w3.org/2001/XMLSchema-instance" xsi:noNamespaceSchemaLocation="https://maven.apache.org/surefire/maven-surefire-plugin/xsd/surefire-test-report.xsd" name="feedme.NoSqlConnectionTests" time="2.558" tests="11" errors="0" skipped="0" failures="1">
  <properties>
[...]
</properties>
  <testcase name="insertCreateEventDocumentIntoDatabaseCollection_FindWithInValidEventID_ReturnsNullDocument" classname="feedme.NoSqlConnectionTests" time="0.258"/>
  <testcase name="updateMarketOperations_preservesOrder" classname="feedme.NoSqlConnectionTests" time="0.229"/>
  <testcase name="checkDatabaseConnectionIsOpen" classname="feedme.NoSqlConnectionTests" time="0.05"/>
  <testcase name="updateEventFixtureDocument_FindWithValidEventId_ReturnsUpdatedDocument" classname="feedme.NoSqlConnectionTests" time="0.171"/>
  <testcase name="insertEventDocumentIntoEmptyDatabaseCollection_FindWithValidEventID_ReturnsCorrectDocument" classname="feedme.NoSqlConnectionTests" time="0.262"/>
  <testcase name="replaceEventFixtureDocument_FindWithValidEventID_ReturnsReplacedDocument_WithEmptyMarkets" classname="feedme.NoSqlConnectionTests" time="0.184"/>
  <testcase name="updateEventFixtureOperations_preservesOrder" classname="feedme.NoSqlConnectionTests" time="0.22"/>
  <testcase name="addMarketToFixtureDocument_FindWithValidMarketID_ReturnsUpdatedDocument" classname="feedme.NoSqlConnectionTests" time="0.237"/>
  <testcase name="addOutcomeToAssociatedMarketInEventFixtureDocument_FindWithValidOutcomeID_ReturnsUpdatedDocument" classname="feedme.NoSqlConnectionTests" time="0.208"/>
  <testcase name="updateMarketOutcomeInEventFixtureDocument_updatesToMarketAndEventFixture_preservesOutcomes" classname="feedme.NoSqlConnectionTests" time="0.21"/>
  <testcase name="updateMarketInEventFixtureDocument" classname="feedme.NoSqlConnectionTests" time="0.214">
    <failure type="java.lang.AssertionError">java.lang.AssertionError
	at feedme.NoSqlConnectionTests.updateMarketInEventFixtureDocument(NoSqlConnectionTests.java:240)
</failure>
    <system-out><![CDATA[Root element :types
19:53:25.836 [main] INFO org.mongodb.driver.cluster - Cluster created with settings {hosts=[localhost:27017], mode=SINGLE, requiredClusterType=UNKNOWN, serverSelectionTimeout='30000 ms', maxWaitQueueSize=500}
19:53:25.838 [main] DEBUG org.mongodb.driver.cluster - Updating cluster description to  {type=UNKNOWN, servers=[{address=localhost:27017, type=UNKNOWN, state=CONNECTING}]
19:53:25.838 [main] INFO org.mongodb.driver.cluster - Cluster description not yet available. Waiting for 30000 ms before timing out
19:53:25.841 [cluster-ClusterId{value='5b3923250c8198405b154c3b', description='null'}-localhost:27017] INFO org.mongodb.driver.connection - Opened connection [connectionId{localValue:21, serverValue:114}] to localhost:27017
19:53:25.841 [cluster-ClusterId{value='5b3923250c8198405b154c3b', description='null'}-localhost:27017] DEBUG org.mongodb.driver.cluster - Checking status of localhost:27017
19:53:25.842 [cluster-ClusterId{value='5b3923250c8198405b154c3b', description='null'}-localhost:27017] DEBUG org.mongodb.driver.protocol.command - Sending command '{ "ismaster" : 1, "$db" : "admin" }' with request id 143 to database admin on connection [connectionId{localValue:21, serverValue:114}] to server localhost:27017
19:53:25.842 [cluster-ClusterId{value='5b3923250c8198405b154c3b', description='null'}-localhost:27017] DEBUG org.mongodb.driver.protocol.command - Execution of command with request id 143 completed successfully in 0.78 ms on connection [connectionId{localValue:21, serverValue:114}] to server localhost:27017
19:53:25.843 [cluster-ClusterId{value='5b3923250c8198405b154c3b', description='null'}-localhost:27017] INFO org.mongodb.driver.cluster - Monitor thread successfully connected to server with description ServerDescription{address=localhost:27017, type=STANDALONE, state=CONNECTED, ok=true, version=ServerVersion{versionList=[4, 0, 0]}, minWireVersion=0, maxWireVersion=7, maxDocumentSize=16777216, logicalSessionTimeoutMinutes=30, roundTripTimeNanos=1543952}
19:53:25.844 [cluster-ClusterId{value='5b3923250c8198405b154c3b', description='null'}-localhost:27017] DEBUG org.mongodb.driver.cluster - Updating cluster description to  {type=STANDALONE, servers=[{address=localhost:27017, type=STANDALONE, roundTripTime=1.5 ms, state=CONNECTED}]
19:53:25.846 [main] INFO org.mongodb.driver.connection - Opened connection [connectionId{localValue:22, serverValue:115}] to localhost:27017
19:53:25.847 [main] DEBUG org.mongodb.driver.protocol.command - Sending command '{ "drop" : "fixtures", "$db" : "feedme", "$readPreference" : { "mode" : "primaryPreferred" } }' with request id 147 to database feedme on connection [connectionId{localValue:22, serverValue:115}] to server localhost:27017
19:53:25.896 [main] DEBUG org.mongodb.driver.protocol.command - Execution of command with request id 147 completed successfully in 49.36 ms on connection [connectionId{localValue:22, serverValue:115}] to server localhost:27017
|77|create|event|1530405905035|fdc72db0-10a9-45d4-b30a-797609b046bd|Football|Sky Bet Championship|\|Cardiff\| vs \|Bristol City\||1530405913833|0|1|
19:53:25.898 [main] DEBUG org.mongodb.driver.protocol.command - Sending command '{ "update" : "fixtures", "ordered" : true, "bypassDocumentValidation" : true, "$db" : "feedme", "updates" : [{ "q" : { "event.body.eventId" : "fdc72db0-10a9-45d4-b30a-797609b046bd" }, "u" : { "event" : { "header" : { "msgId" : 77, "operation" : "create", "type" : "event", "timestamp" : 1530405905035 }, "body" : { "eventId" : "fdc72db0-10a9-45d4-b30a-797609b046bd", "category" : "Football", "subCategory" : "Sky Bet Championship", "name" : "\\|Cardiff\\| vs \\|Bristol City\\|", "startTime" : 1530405913833, "displayed" : false, "suspended" : true }, "markets" : [] } }, "upsert" : true }] }' with request id 148 to database feedme on connection [connectionId{localValue:22, serverValue:115}] to server localhost:27017
19:53:26.023 [main] DEBUG org.mongodb.driver.protocol.command - Execution of command with request id 148 completed successfully in 124.76 ms on connection [connectionId{localValue:22, serverValue:115}] to server localhost:27017
|78|create|market|1530405905035|fdc72db0-10a9-45d4-b30a-797609b046bd|28c5084a-7175-48cc-ac96-3d16b10c4471|Full Time Result|0|1|
19:53:26.026 [main] DEBUG org.mongodb.driver.protocol.command - Sending command '{ "update" : "fixtures", "ordered" : true, "$db" : "feedme", "updates" : [{ "q" : { "event.body.eventId" : "fdc72db0-10a9-45d4-b30a-797609b046bd" }, "u" : { "$addToSet" : { "event.markets" : { "market" : { "header" : { "msgId" : 78, "operation" : "create", "type" : "market", "timestamp" : 1530405905035 }, "body" : { "eventId" : "fdc72db0-10a9-45d4-b30a-797609b046bd", "marketId" : "28c5084a-7175-48cc-ac96-3d16b10c4471", "name" : "Full Time Result", "displayed" : false, "suspended" : true }, "outcomes" : [] } } } } }] }' with request id 149 to database feedme on connection [connectionId{localValue:22, serverValue:115}] to server localhost:27017
19:53:26.027 [main] DEBUG org.mongodb.driver.protocol.command - Execution of command with request id 149 completed successfully in 2.20 ms on connection [connectionId{localValue:22, serverValue:115}] to server localhost:27017
|103|create|market|1530405905037|fdc72db0-10a9-45d4-b30a-797609b046bd|921d7ad4-087c-4643-bda0-431332ac250e|Goal Handicap (-2)|0|1|
19:53:26.031 [main] DEBUG org.mongodb.driver.protocol.command - Sending command '{ "update" : "fixtures", "ordered" : true, "$db" : "feedme", "updates" : [{ "q" : { "event.body.eventId" : "fdc72db0-10a9-45d4-b30a-797609b046bd" }, "u" : { "$addToSet" : { "event.markets" : { "market" : { "header" : { "msgId" : 103, "operation" : "create", "type" : "market", "timestamp" : 1530405905037 }, "body" : { "eventId" : "fdc72db0-10a9-45d4-b30a-797609b046bd", "marketId" : "921d7ad4-087c-4643-bda0-431332ac250e", "name" : "Goal Handicap (-2)", "displayed" : false, "suspended" : true }, "outcomes" : [] } } } } }] }' with request id 150 to database feedme on connection [connectionId{localValue:22, serverValue:115}] to server localhost:27017
19:53:26.032 [main] DEBUG org.mongodb.driver.protocol.command - Execution of command with request id 150 completed successfully in 2.15 ms on connection [connectionId{localValue:22, serverValue:115}] to server localhost:27017
|268|update|market|1530405913836|fdc72db0-10a9-45d4-b30a-797609b046bd|28c5084a-7175-48cc-ac96-3d16b10c4471|Full Time Result|1|0|
19:53:26.035 [main] DEBUG org.mongodb.driver.protocol.command - Sending command '{ "update" : "fixtures", "ordered" : true, "$db" : "feedme", "updates" : [{ "q" : { "event.markets.market.body.marketId" : "28c5084a-7175-48cc-ac96-3d16b10c4471", "event.markets.market.header.msgId" : { "$lt" : 268 } }, "u" : { "$set" : { "event.markets.$.market.header" : { "msgId" : 268, "operation" : "update", "type" : "market", "timestamp" : 1530405913836 }, "event.markets.$.market.body" : { "eventId" : "fdc72db0-10a9-45d4-b30a-797609b046bd", "marketId" : "28c5084a-7175-48cc-ac96-3d16b10c4471", "name" : "Full Time Result", "displayed" : true, "suspended" : false } } } }] }' with request id 151 to database feedme on connection [connectionId{localValue:22, serverValue:115}] to server localhost:27017
19:53:26.037 [main] DEBUG org.mongodb.driver.protocol.command - Execution of command with request id 151 completed successfully in 2.11 ms on connection [connectionId{localValue:22, serverValue:115}] to server localhost:27017
|293|update|market|1530405913837|fdc72db0-10a9-45d4-b30a-797609b046bd|921d7ad4-087c-4643-bda0-431332ac250e|Goal Handicap (-2)|1|0|
19:53:26.040 [main] DEBUG org.mongodb.driver.protocol.command - Sending command '{ "update" : "fixtures", "ordered" : true, "$db" : "feedme", "updates" : [{ "q" : { "event.markets.market.body.marketId" : "921d7ad4-087c-4643-bda0-431332ac250e", "event.markets.market.header.msgId" : { "$lt" : 293 } }, "u" : { "$set" : { "event.markets.$.market.header" : { "msgId" : 293, "operation" : "update", "type" : "market", "timestamp" : 1530405913837 }, "event.markets.$.market.body" : { "eventId" : "fdc72db0-10a9-45d4-b30a-797609b046bd", "marketId" : "921d7ad4-087c-4643-bda0-431332ac250e", "name" : "Goal Handicap (-2)", "displayed" : true, "suspended" : false } } } }] }' with request id 152 to database feedme on connection [connectionId{localValue:22, serverValue:115}] to server localhost:27017
19:53:26.042 [main] DEBUG org.mongodb.driver.protocol.command - Execution of command with request id 152 completed successfully in 2.57 ms on connection [connectionId{localValue:22, serverValue:115}] to server localhost:27017
19:53:26.043 [main] DEBUG org.mongodb.driver.protocol.command - Sending command '{ "find" : "fixtures", "filter" : { "event.body.eventId" : "fdc72db0-10a9-45d4-b30a-797609b046bd" }, "limit" : 1, "singleBatch" : true, "$db" : "feedme", "$readPreference" : { "mode" : "primaryPreferred" } }' with request id 153 to database feedme on connection [connectionId{localValue:22, serverValue:115}] to server localhost:27017
19:53:26.044 [main] DEBUG org.mongodb.driver.protocol.command - Execution of command with request id 153 completed successfully in 1.00 ms on connection [connectionId{localValue:22, serverValue:115}] to server localhost:27017
]]></system-out>
  </testcase>
</testsuite>